<?xml version="1.0" encoding="UTF-8"?>
<!-- Generated by org.testng.reporters.JUnitReportReporter -->
<testsuite hostname="LNOR070736" failures="0" tests="2" name="qaclickacademy.AppiumTest" time="0.016" errors="0" timestamp="2020-11-13T11:46:49 CET" skipped="0">
  <testcase classname="qaclickacademy.AppiumTest" name="NativeAPpAndroid" time="0.003"/>
  <system-out/>
  <testcase classname="qaclickacademy.AppiumTest" name="IOSApps" time="0.013"/>
  <system-out/>
</testsuite> <!-- qaclickacademy.AppiumTest -->
