<?xml version="1.0" encoding="UTF-8"?>
<!-- Generated by org.testng.reporters.JUnitReportReporter -->
<testsuite hostname="LNOR070736" failures="0" tests="2" name="qaclickacademy.AppiumTest" time="0.005" errors="0" timestamp="13 nov. 2020 14:01:00 GMT" skipped="0">
  <testcase classname="qaclickacademy.AppiumTest" name="IOSApps" time="0.005"/>
  <testcase classname="qaclickacademy.AppiumTest" name="NativeAPpAndroid" time="0.000"/>
</testsuite> <!-- qaclickacademy.AppiumTest -->
